<?xml version="1.0" encoding="UTF-8"?>
<!-- Generated by org.testng.reporters.JUnitReportReporter -->
<testsuite hostname="Yash" failures="0" tests="1" name="day_1.HTTPRequests" time="3.045" errors="0" timestamp="2024-10-20T19:19:59 IST" skipped="0">
  <testcase classname="day_1.HTTPRequests" name="createUser" time="3.045"/>
</testsuite> <!-- day_1.HTTPRequests -->
