<?xml version="1.0" encoding="UTF-8"?>
<!-- Generated by org.testng.reporters.JUnitReportReporter -->
<testsuite hostname="Yash" failures="0" tests="1" name="day_3.CookiesDemo" time="6.604" errors="0" timestamp="2024-10-16T15:24:30 IST" skipped="0">
  <testcase classname="day_3.CookiesDemo" name="getCookiesInfo" time="6.604"/>
</testsuite> <!-- day_3.CookiesDemo -->
