<?xml version="1.0" encoding="UTF-8"?>
<!-- Generated by org.testng.reporters.JUnitReportReporter -->
<testsuite hostname="Yash" failures="0" tests="1" name="day_3.LoggingDemo" time="4.186" errors="0" timestamp="2024-10-16T16:08:34 IST" skipped="0">
  <testcase classname="day_3.LoggingDemo" name="testLogs" time="4.186"/>
</testsuite> <!-- day_3.LoggingDemo -->
