<?xml version="1.0" encoding="UTF-8"?>
<!-- Generated by org.testng.reporters.JUnitReportReporter -->
<testsuite hostname="Yash" failures="0" tests="1" name="day_3.PathAndQueryParams" time="5.754" errors="0" timestamp="2024-10-16T14:06:30 IST" skipped="0">
  <testcase classname="day_3.PathAndQueryParams" name="testQueryAndPathParams" time="5.754"/>
</testsuite> <!-- day_3.PathAndQueryParams -->
