<?xml version="1.0" encoding="UTF-8"?>
<!-- Generated by org.testng.reporters.JUnitReportReporter -->
<testsuite hostname="Yash" failures="0" tests="2" name="day_2.waysToCreatePostRequestBody" time="3.737" errors="0" timestamp="2024-10-16T13:40:46 IST" skipped="0">
  <testcase classname="day_2.waysToCreatePostRequestBody" name="testPostUsingExternalJsonFile" time="3.611"/>
  <testcase classname="day_2.waysToCreatePostRequestBody" name="testDelete" time="0.126"/>
</testsuite> <!-- day_2.waysToCreatePostRequestBody -->
