<?xml version="1.0" encoding="UTF-8"?>
<!-- Generated by org.testng.reporters.JUnitReportReporter -->
<testsuite hostname="Yash" failures="0" tests="1" name="day_3.HeadersDemo" time="4.542" errors="0" timestamp="2024-10-16T15:53:50 IST" skipped="0">
  <testcase classname="day_3.HeadersDemo" name="gettHeaders" time="4.542"/>
</testsuite> <!-- day_3.HeadersDemo -->
